c:\users\kcxac\documents\classifiedhook-bosso-code\x64\release\vc143.pdb
c:\users\kcxac\documents\classifiedhook-bosso-code\x64\release\dllmain.obj
c:\users\kcxac\documents\classifiedhook-bosso-code\x64\release\imgui_widgets.obj
c:\users\kcxac\documents\classifiedhook-bosso-code\x64\release\imgui_tables.obj
c:\users\kcxac\documents\classifiedhook-bosso-code\x64\release\imgui_impl_win32.obj
c:\users\kcxac\documents\classifiedhook-bosso-code\x64\release\imgui_impl_dx11.obj
c:\users\kcxac\documents\classifiedhook-bosso-code\x64\release\imgui_draw.obj
c:\users\kcxac\documents\classifiedhook-bosso-code\x64\release\imgui_demo.obj
c:\users\kcxac\documents\classifiedhook-bosso-code\x64\release\imgui.obj
c:\users\kcxac\documents\classifiedhook-bosso-code\x64\release\trampoline.obj
c:\users\kcxac\documents\classifiedhook-bosso-code\x64\release\hook.obj
c:\users\kcxac\documents\classifiedhook-bosso-code\x64\release\hde64.obj
c:\users\kcxac\documents\classifiedhook-bosso-code\x64\release\hde32.obj
c:\users\kcxac\documents\classifiedhook-bosso-code\x64\release\buffer.obj
c:\users\kcxac\documents\classifiedhook-bosso-code\x64\release\classifiedhook.dll
c:\users\kcxac\documents\classifiedhook-bosso-code\x64\release\classifiedhook.pdb
c:\users\kcxac\documents\classifiedhook-bosso-code\x64\release\classifiedhook.ipdb
c:\users\kcxac\documents\classifiedhook-bosso-code\x64\release\classifiedhook.iobj
c:\users\kcxac\documents\classifiedhook-bosso-code\x64\release\minhook.res
c:\users\kcxac\documents\classifiedhook-bosso-code\x64\release\classifiedhook.tlog\cl.command.1.tlog
c:\users\kcxac\documents\classifiedhook-bosso-code\x64\release\classifiedhook.tlog\cl.read.1.tlog
c:\users\kcxac\documents\classifiedhook-bosso-code\x64\release\classifiedhook.tlog\cl.write.1.tlog
c:\users\kcxac\documents\classifiedhook-bosso-code\x64\release\classifiedhook.tlog\link.command.1.tlog
c:\users\kcxac\documents\classifiedhook-bosso-code\x64\release\classifiedhook.tlog\link.read.1.tlog
c:\users\kcxac\documents\classifiedhook-bosso-code\x64\release\classifiedhook.tlog\link.write.1.tlog
c:\users\kcxac\documents\classifiedhook-bosso-code\x64\release\classifiedhook.tlog\link.write.2u.tlog
c:\users\kcxac\documents\classifiedhook-bosso-code\x64\release\classifiedhook.tlog\rc.command.1.tlog
c:\users\kcxac\documents\classifiedhook-bosso-code\x64\release\classifiedhook.tlog\rc.read.1.tlog
c:\users\kcxac\documents\classifiedhook-bosso-code\x64\release\classifiedhook.tlog\rc.write.1.tlog
